==============================================================================
20180129 12:17:12.417 - INFO - + START SUITE: Acceptancetest [ ]
==============================================================================
20180129 12:17:12.459 - INFO - +- START SUITE: Acceptancetest.HelloWorldTests [ ]
==============================================================================
20180129 12:17:12.464 - INFO - +-- START TEST: Say Hello [ ]
------------------------------------------------------------------------------
20180129 12:17:12.467 - INFO - +--- START KW: keywords.CustomKeywords.Greet Everyone [ ]
20180129 12:17:12.472 - INFO - +--- END KW: keywords.CustomKeywords.Greet Everyone (4)
------------------------------------------------------------------------------
20180129 12:17:12.500 - INFO - +-- END TEST: Say Hello (11)
------------------------------------------------------------------------------
20180129 12:17:12.503 - INFO - +-- START TEST: Say Hello In Pig Latin [ ]
------------------------------------------------------------------------------
20180129 12:17:12.505 - INFO - +--- START KW: keywords.CustomKeywords.Reverse Greet Everyone [ ]
20180129 12:17:12.508 - INFO - +--- END KW: keywords.CustomKeywords.Reverse Greet Everyone (2)
------------------------------------------------------------------------------
20180129 12:17:12.510 - INFO - +-- END TEST: Say Hello In Pig Latin (6)
------------------------------------------------------------------------------
20180129 12:17:12.512 - INFO - +-- START TEST: Make Sure You're Saying Hello [ ]
------------------------------------------------------------------------------
20180129 12:17:12.515 - INFO - +--- START KW: keywords.CustomKeywords.Greet Everyone [ ]
20180129 12:17:12.520 - INFO - ${result} = hello world
20180129 12:17:12.522 - INFO - +--- END KW: keywords.CustomKeywords.Greet Everyone (6)
~~~~~~~~~~~~~~~~~~~~~~~~~~~~~~~~~~~~~~~~~~~~~~~~~~~~~~~~~~~~~~~~~~~~~~~~~~~~~~
20180129 12:17:12.524 - INFO - +--- START KW: BuiltIn.Should Be Equal [ ${result} | hello world ]
20180129 12:17:12.528 - INFO - +--- END KW: BuiltIn.Should Be Equal (4)
------------------------------------------------------------------------------
20180129 12:17:12.530 - INFO - +-- END TEST: Make Sure You're Saying Hello (18)
------------------------------------------------------------------------------
20180129 12:17:12.532 - INFO - +-- START TEST: Make A Test That Fails [ ]
------------------------------------------------------------------------------
20180129 12:17:12.534 - INFO - +--- START KW: keywords.CustomKeywords.Reverse Greet Everyone [ ]
20180129 12:17:12.537 - INFO - ${result} = dlrow olleh
20180129 12:17:12.538 - INFO - +--- END KW: keywords.CustomKeywords.Reverse Greet Everyone (4)
~~~~~~~~~~~~~~~~~~~~~~~~~~~~~~~~~~~~~~~~~~~~~~~~~~~~~~~~~~~~~~~~~~~~~~~~~~~~~~
20180129 12:17:12.539 - INFO - +--- START KW: BuiltIn.Should Be Equal [ ${result} | dlrow olleh ]
20180129 12:17:12.542 - INFO - +--- END KW: BuiltIn.Should Be Equal (3)
------------------------------------------------------------------------------
20180129 12:17:12.544 - INFO - +-- END TEST: Make A Test That Fails (12)
------------------------------------------------------------------------------
20180129 12:17:12.549 - INFO - +- END SUITE: Acceptancetest.HelloWorldTests (126)
==============================================================================
20180129 12:17:12.553 - INFO - + END SUITE: Acceptancetest (349)
==============================================================================
